2023-07-24 12:07:735 INFO  HomePage :45 - enter the job title[[ChromeDriver: chrome on windows (3ad9eb95213e97f6d8b450a240524089)] -> xpath: //input[@id='keywords']]
2023-07-24 12:07:997 INFO  HomePage :51 - enter the location[[ChromeDriver: chrome on windows (3ad9eb95213e97f6d8b450a240524089)] -> xpath: //input[@id='location']]
2023-07-24 12:07:281 INFO  HomePage :57 - select distance[[ChromeDriver: chrome on windows (3ad9eb95213e97f6d8b450a240524089)] -> xpath: //select[@id='distance']]
2023-07-24 12:07:496 INFO  HomePage :63 - click on search option[[ChromeDriver: chrome on windows (3ad9eb95213e97f6d8b450a240524089)] -> xpath: //button[@id='toggle-hp-search']]
2023-07-24 12:07:73 INFO  HomePage :69 - enter minimum salary[[ChromeDriver: chrome on windows (3ad9eb95213e97f6d8b450a240524089)] -> xpath: //input[@id='salarymin']]
2023-07-24 12:07:208 INFO  HomePage :75 - enter maximum salary[[ChromeDriver: chrome on windows (3ad9eb95213e97f6d8b450a240524089)] -> xpath: //input[@id='salarymax']]
2023-07-24 12:07:413 INFO  HomePage :81 - select salary type[[ChromeDriver: chrome on windows (3ad9eb95213e97f6d8b450a240524089)] -> xpath: //select[@id='salarytype']]
2023-07-24 12:07:567 INFO  HomePage :87 - select job type[[ChromeDriver: chrome on windows (3ad9eb95213e97f6d8b450a240524089)] -> xpath: //select[@id='tempperm']]
2023-07-24 12:07:797 INFO  HomePage :93 - click on find job button[[ChromeDriver: chrome on windows (3ad9eb95213e97f6d8b450a240524089)] -> xpath: //input[@id='hp-search-btn']]
2023-07-24 12:07:39 INFO  ResultPage :23 - Getting result Permanent Tester jobs in Harrow
2023-07-24 12:07:33 INFO  HomePage :45 - enter the job title[[ChromeDriver: chrome on windows (606531b5dbaded69114e6e6775ef7e62)] -> xpath: //input[@id='keywords']]
2023-07-24 12:07:314 INFO  HomePage :51 - enter the location[[ChromeDriver: chrome on windows (606531b5dbaded69114e6e6775ef7e62)] -> xpath: //input[@id='location']]
2023-07-24 12:07:479 INFO  HomePage :57 - select distance[[ChromeDriver: chrome on windows (606531b5dbaded69114e6e6775ef7e62)] -> xpath: //select[@id='distance']]
2023-07-24 12:07:735 INFO  HomePage :63 - click on search option[[ChromeDriver: chrome on windows (606531b5dbaded69114e6e6775ef7e62)] -> xpath: //button[@id='toggle-hp-search']]
2023-07-24 12:07:706 INFO  HomePage :69 - enter minimum salary[[ChromeDriver: chrome on windows (606531b5dbaded69114e6e6775ef7e62)] -> xpath: //input[@id='salarymin']]
2023-07-24 12:07:908 INFO  HomePage :75 - enter maximum salary[[ChromeDriver: chrome on windows (606531b5dbaded69114e6e6775ef7e62)] -> xpath: //input[@id='salarymax']]
2023-07-24 12:07:133 INFO  HomePage :81 - select salary type[[ChromeDriver: chrome on windows (606531b5dbaded69114e6e6775ef7e62)] -> xpath: //select[@id='salarytype']]
2023-07-24 12:07:329 INFO  HomePage :87 - select job type[[ChromeDriver: chrome on windows (606531b5dbaded69114e6e6775ef7e62)] -> xpath: //select[@id='tempperm']]
2023-07-24 12:07:575 INFO  HomePage :93 - click on find job button[[ChromeDriver: chrome on windows (606531b5dbaded69114e6e6775ef7e62)] -> xpath: //input[@id='hp-search-btn']]
2023-07-24 12:07:273 INFO  ResultPage :23 - Getting result Contract Developer jobs in Harrow
2023-07-24 12:07:438 INFO  HomePage :45 - enter the job title[[ChromeDriver: chrome on windows (381b23ea7eefd07be4acf3427005ebab)] -> xpath: //input[@id='keywords']]
2023-07-24 12:07:765 INFO  HomePage :51 - enter the location[[ChromeDriver: chrome on windows (381b23ea7eefd07be4acf3427005ebab)] -> xpath: //input[@id='location']]
2023-07-24 12:07:356 INFO  HomePage :57 - select distance[[ChromeDriver: chrome on windows (381b23ea7eefd07be4acf3427005ebab)] -> xpath: //select[@id='distance']]
2023-07-24 12:07:663 INFO  HomePage :63 - click on search option[[ChromeDriver: chrome on windows (381b23ea7eefd07be4acf3427005ebab)] -> xpath: //button[@id='toggle-hp-search']]
2023-07-24 12:07:510 INFO  HomePage :69 - enter minimum salary[[ChromeDriver: chrome on windows (381b23ea7eefd07be4acf3427005ebab)] -> xpath: //input[@id='salarymin']]
2023-07-24 12:07:742 INFO  HomePage :75 - enter maximum salary[[ChromeDriver: chrome on windows (381b23ea7eefd07be4acf3427005ebab)] -> xpath: //input[@id='salarymax']]
2023-07-24 12:07:43 INFO  HomePage :81 - select salary type[[ChromeDriver: chrome on windows (381b23ea7eefd07be4acf3427005ebab)] -> xpath: //select[@id='salarytype']]
2023-07-24 12:07:233 INFO  HomePage :87 - select job type[[ChromeDriver: chrome on windows (381b23ea7eefd07be4acf3427005ebab)] -> xpath: //select[@id='tempperm']]
2023-07-24 12:07:561 INFO  HomePage :93 - click on find job button[[ChromeDriver: chrome on windows (381b23ea7eefd07be4acf3427005ebab)] -> xpath: //input[@id='hp-search-btn']]
2023-07-24 12:07:675 INFO  ResultPage :23 - Getting result Temporary Graphic Designer jobs in London
2023-07-24 12:07:226 INFO  HomePage :45 - enter the job title[[ChromeDriver: chrome on windows (32224d59ba427a45b2fbe84d6f8e3a36)] -> xpath: //input[@id='keywords']]
2023-07-24 12:07:661 INFO  HomePage :51 - enter the location[[ChromeDriver: chrome on windows (32224d59ba427a45b2fbe84d6f8e3a36)] -> xpath: //input[@id='location']]
2023-07-24 12:07:930 INFO  HomePage :57 - select distance[[ChromeDriver: chrome on windows (32224d59ba427a45b2fbe84d6f8e3a36)] -> xpath: //select[@id='distance']]
2023-07-24 12:07:298 INFO  HomePage :63 - click on search option[[ChromeDriver: chrome on windows (32224d59ba427a45b2fbe84d6f8e3a36)] -> xpath: //button[@id='toggle-hp-search']]
2023-07-24 12:07:822 INFO  HomePage :69 - enter minimum salary[[ChromeDriver: chrome on windows (32224d59ba427a45b2fbe84d6f8e3a36)] -> xpath: //input[@id='salarymin']]
2023-07-24 12:07:975 INFO  HomePage :75 - enter maximum salary[[ChromeDriver: chrome on windows (32224d59ba427a45b2fbe84d6f8e3a36)] -> xpath: //input[@id='salarymax']]
2023-07-24 12:07:344 INFO  HomePage :81 - select salary type[[ChromeDriver: chrome on windows (32224d59ba427a45b2fbe84d6f8e3a36)] -> xpath: //select[@id='salarytype']]
2023-07-24 12:07:586 INFO  HomePage :87 - select job type[[ChromeDriver: chrome on windows (32224d59ba427a45b2fbe84d6f8e3a36)] -> xpath: //select[@id='tempperm']]
2023-07-24 12:07:934 INFO  HomePage :93 - click on find job button[[ChromeDriver: chrome on windows (32224d59ba427a45b2fbe84d6f8e3a36)] -> xpath: //input[@id='hp-search-btn']]
2023-07-24 12:07:36 INFO  ResultPage :23 - Getting result Permanent Salesforce jobs in Harrow
2023-07-24 12:07:598 INFO  HomePage :45 - enter the job title[[ChromeDriver: chrome on windows (a07a7f4710488a9f7d2380732376f265)] -> xpath: //input[@id='keywords']]
2023-07-24 12:07:564 INFO  HomePage :51 - enter the location[[ChromeDriver: chrome on windows (a07a7f4710488a9f7d2380732376f265)] -> xpath: //input[@id='location']]
2023-07-24 12:07:128 INFO  HomePage :57 - select distance[[ChromeDriver: chrome on windows (a07a7f4710488a9f7d2380732376f265)] -> xpath: //select[@id='distance']]
2023-07-24 12:07:456 INFO  HomePage :63 - click on search option[[ChromeDriver: chrome on windows (a07a7f4710488a9f7d2380732376f265)] -> xpath: //button[@id='toggle-hp-search']]
2023-07-24 12:07:351 INFO  HomePage :69 - enter minimum salary[[ChromeDriver: chrome on windows (a07a7f4710488a9f7d2380732376f265)] -> xpath: //input[@id='salarymin']]
2023-07-24 12:07:500 INFO  HomePage :75 - enter maximum salary[[ChromeDriver: chrome on windows (a07a7f4710488a9f7d2380732376f265)] -> xpath: //input[@id='salarymax']]
2023-07-24 12:07:671 INFO  HomePage :81 - select salary type[[ChromeDriver: chrome on windows (a07a7f4710488a9f7d2380732376f265)] -> xpath: //select[@id='salarytype']]
2023-07-24 12:07:821 INFO  HomePage :87 - select job type[[ChromeDriver: chrome on windows (a07a7f4710488a9f7d2380732376f265)] -> xpath: //select[@id='tempperm']]
2023-07-24 12:07:44 INFO  HomePage :93 - click on find job button[[ChromeDriver: chrome on windows (a07a7f4710488a9f7d2380732376f265)] -> xpath: //input[@id='hp-search-btn']]
2023-07-24 12:07:562 INFO  ResultPage :23 - Getting result Temporary Data Analyst jobs
2023-07-24 12:07:255 INFO  HomePage :45 - enter the job title[[ChromeDriver: chrome on windows (3e6fed80e7e8c3b19fec77f88147612d)] -> xpath: //input[@id='keywords']]
2023-07-24 12:07:585 INFO  HomePage :51 - enter the location[[ChromeDriver: chrome on windows (3e6fed80e7e8c3b19fec77f88147612d)] -> xpath: //input[@id='location']]
2023-07-24 12:07:910 INFO  HomePage :57 - select distance[[ChromeDriver: chrome on windows (3e6fed80e7e8c3b19fec77f88147612d)] -> xpath: //select[@id='distance']]
2023-07-24 12:07:173 INFO  HomePage :63 - click on search option[[ChromeDriver: chrome on windows (3e6fed80e7e8c3b19fec77f88147612d)] -> xpath: //button[@id='toggle-hp-search']]
2023-07-24 12:07:557 INFO  HomePage :69 - enter minimum salary[[ChromeDriver: chrome on windows (3e6fed80e7e8c3b19fec77f88147612d)] -> xpath: //input[@id='salarymin']]
2023-07-24 12:07:679 INFO  HomePage :75 - enter maximum salary[[ChromeDriver: chrome on windows (3e6fed80e7e8c3b19fec77f88147612d)] -> xpath: //input[@id='salarymax']]
2023-07-24 12:07:852 INFO  HomePage :81 - select salary type[[ChromeDriver: chrome on windows (3e6fed80e7e8c3b19fec77f88147612d)] -> xpath: //select[@id='salarytype']]
2023-07-24 12:07:981 INFO  HomePage :87 - select job type[[ChromeDriver: chrome on windows (3e6fed80e7e8c3b19fec77f88147612d)] -> xpath: //select[@id='tempperm']]
2023-07-24 12:07:198 INFO  HomePage :93 - click on find job button[[ChromeDriver: chrome on windows (3e6fed80e7e8c3b19fec77f88147612d)] -> xpath: //input[@id='hp-search-btn']]
2023-07-24 12:07:671 INFO  ResultPage :23 - Getting result Apprenticeship Qa Tester jobs
2023-07-25 15:07:301 INFO  HomePage :45 - enter the job title[[ChromeDriver: chrome on windows (5cd947fb8f8135720f37c94a37878997)] -> xpath: //input[@id='keywords']]
2023-07-25 15:07:464 INFO  HomePage :51 - enter location[[ChromeDriver: chrome on windows (5cd947fb8f8135720f37c94a37878997)] -> xpath: //input[@id='location']]
2023-07-25 15:07:643 INFO  HomePage :57 - select distance[[ChromeDriver: chrome on windows (5cd947fb8f8135720f37c94a37878997)] -> xpath: //select[@id='distance']]
2023-07-25 15:07:851 INFO  HomePage :63 - click on search option[[ChromeDriver: chrome on windows (5cd947fb8f8135720f37c94a37878997)] -> xpath: //button[@id='toggle-hp-search']]
2023-07-25 15:07:249 INFO  HomePage :69 - enter minimum salary[[ChromeDriver: chrome on windows (5cd947fb8f8135720f37c94a37878997)] -> xpath: //input[@id='salarymin']]
2023-07-25 15:07:449 INFO  HomePage :75 - enter maximum salary[[ChromeDriver: chrome on windows (5cd947fb8f8135720f37c94a37878997)] -> xpath: //input[@id='salarymax']]
2023-07-25 15:07:598 INFO  HomePage :81 - select salary type[[ChromeDriver: chrome on windows (5cd947fb8f8135720f37c94a37878997)] -> xpath: //select[@id='salarytype']]
2023-07-25 15:07:718 INFO  HomePage :87 - select job type[[ChromeDriver: chrome on windows (5cd947fb8f8135720f37c94a37878997)] -> xpath: //select[@id='tempperm']]
2023-07-25 15:07:976 INFO  HomePage :93 - click on find job button[[ChromeDriver: chrome on windows (5cd947fb8f8135720f37c94a37878997)] -> xpath: //input[@id='hp-search-btn']]
2023-07-25 15:07:558 INFO  ResultPage :23 - Getting result Permanent Tester jobs in Harrow
2023-07-25 15:07:130 INFO  HomePage :45 - enter the job title[[ChromeDriver: chrome on windows (20c41fb90f882ed67b74ee2e2ed9f7be)] -> xpath: //input[@id='keywords']]
2023-07-25 15:07:296 INFO  HomePage :51 - enter location[[ChromeDriver: chrome on windows (20c41fb90f882ed67b74ee2e2ed9f7be)] -> xpath: //input[@id='location']]
2023-07-25 15:07:411 INFO  HomePage :57 - select distance[[ChromeDriver: chrome on windows (20c41fb90f882ed67b74ee2e2ed9f7be)] -> xpath: //select[@id='distance']]
2023-07-25 15:07:677 INFO  HomePage :63 - click on search option[[ChromeDriver: chrome on windows (20c41fb90f882ed67b74ee2e2ed9f7be)] -> xpath: //button[@id='toggle-hp-search']]
2023-07-25 15:07:17 INFO  HomePage :69 - enter minimum salary[[ChromeDriver: chrome on windows (20c41fb90f882ed67b74ee2e2ed9f7be)] -> xpath: //input[@id='salarymin']]
2023-07-25 15:07:122 INFO  HomePage :75 - enter maximum salary[[ChromeDriver: chrome on windows (20c41fb90f882ed67b74ee2e2ed9f7be)] -> xpath: //input[@id='salarymax']]
2023-07-25 15:07:246 INFO  HomePage :81 - select salary type[[ChromeDriver: chrome on windows (20c41fb90f882ed67b74ee2e2ed9f7be)] -> xpath: //select[@id='salarytype']]
2023-07-25 15:07:358 INFO  HomePage :87 - select job type[[ChromeDriver: chrome on windows (20c41fb90f882ed67b74ee2e2ed9f7be)] -> xpath: //select[@id='tempperm']]
2023-07-25 15:07:527 INFO  HomePage :93 - click on find job button[[ChromeDriver: chrome on windows (20c41fb90f882ed67b74ee2e2ed9f7be)] -> xpath: //input[@id='hp-search-btn']]
2023-07-25 15:07:716 INFO  ResultPage :23 - Getting result Contract Developer jobs in Harrow
2023-07-25 15:07:238 INFO  HomePage :45 - enter the job title[[ChromeDriver: chrome on windows (d84f7d2c9cc42cd9cdf43b57b6e18ac5)] -> xpath: //input[@id='keywords']]
2023-07-25 15:07:390 INFO  HomePage :51 - enter location[[ChromeDriver: chrome on windows (d84f7d2c9cc42cd9cdf43b57b6e18ac5)] -> xpath: //input[@id='location']]
2023-07-25 15:07:616 INFO  HomePage :57 - select distance[[ChromeDriver: chrome on windows (d84f7d2c9cc42cd9cdf43b57b6e18ac5)] -> xpath: //select[@id='distance']]
2023-07-25 15:07:863 INFO  HomePage :63 - click on search option[[ChromeDriver: chrome on windows (d84f7d2c9cc42cd9cdf43b57b6e18ac5)] -> xpath: //button[@id='toggle-hp-search']]
2023-07-25 15:07:115 INFO  HomePage :69 - enter minimum salary[[ChromeDriver: chrome on windows (d84f7d2c9cc42cd9cdf43b57b6e18ac5)] -> xpath: //input[@id='salarymin']]
2023-07-25 15:07:229 INFO  HomePage :75 - enter maximum salary[[ChromeDriver: chrome on windows (d84f7d2c9cc42cd9cdf43b57b6e18ac5)] -> xpath: //input[@id='salarymax']]
2023-07-25 15:07:342 INFO  HomePage :81 - select salary type[[ChromeDriver: chrome on windows (d84f7d2c9cc42cd9cdf43b57b6e18ac5)] -> xpath: //select[@id='salarytype']]
2023-07-25 15:07:448 INFO  HomePage :87 - select job type[[ChromeDriver: chrome on windows (d84f7d2c9cc42cd9cdf43b57b6e18ac5)] -> xpath: //select[@id='tempperm']]
2023-07-25 15:07:595 INFO  HomePage :93 - click on find job button[[ChromeDriver: chrome on windows (d84f7d2c9cc42cd9cdf43b57b6e18ac5)] -> xpath: //input[@id='hp-search-btn']]
2023-07-25 15:07:451 INFO  ResultPage :23 - Getting result Temporary Graphic Designer jobs in London
2023-07-25 15:07:628 INFO  HomePage :45 - enter the job title[[ChromeDriver: chrome on windows (4c15b4912eca477c84677636a4fa9f5b)] -> xpath: //input[@id='keywords']]
2023-07-25 15:07:813 INFO  HomePage :51 - enter location[[ChromeDriver: chrome on windows (4c15b4912eca477c84677636a4fa9f5b)] -> xpath: //input[@id='location']]
2023-07-25 15:07:908 INFO  HomePage :57 - select distance[[ChromeDriver: chrome on windows (4c15b4912eca477c84677636a4fa9f5b)] -> xpath: //select[@id='distance']]
2023-07-25 15:07:192 INFO  HomePage :63 - click on search option[[ChromeDriver: chrome on windows (4c15b4912eca477c84677636a4fa9f5b)] -> xpath: //button[@id='toggle-hp-search']]
2023-07-25 15:07:573 INFO  HomePage :69 - enter minimum salary[[ChromeDriver: chrome on windows (4c15b4912eca477c84677636a4fa9f5b)] -> xpath: //input[@id='salarymin']]
2023-07-25 15:07:663 INFO  HomePage :75 - enter maximum salary[[ChromeDriver: chrome on windows (4c15b4912eca477c84677636a4fa9f5b)] -> xpath: //input[@id='salarymax']]
2023-07-25 15:07:779 INFO  HomePage :81 - select salary type[[ChromeDriver: chrome on windows (4c15b4912eca477c84677636a4fa9f5b)] -> xpath: //select[@id='salarytype']]
2023-07-25 15:07:891 INFO  HomePage :87 - select job type[[ChromeDriver: chrome on windows (4c15b4912eca477c84677636a4fa9f5b)] -> xpath: //select[@id='tempperm']]
2023-07-25 15:07:56 INFO  HomePage :93 - click on find job button[[ChromeDriver: chrome on windows (4c15b4912eca477c84677636a4fa9f5b)] -> xpath: //input[@id='hp-search-btn']]
2023-07-25 15:07:191 INFO  ResultPage :23 - Getting result Permanent Salesforce jobs in Harrow
2023-07-25 15:07:545 INFO  HomePage :45 - enter the job title[[ChromeDriver: chrome on windows (55f74bbeec26e0102d7bde1d59b991aa)] -> xpath: //input[@id='keywords']]
2023-07-25 15:07:740 INFO  HomePage :51 - enter location[[ChromeDriver: chrome on windows (55f74bbeec26e0102d7bde1d59b991aa)] -> xpath: //input[@id='location']]
2023-07-25 15:07:928 INFO  HomePage :57 - select distance[[ChromeDriver: chrome on windows (55f74bbeec26e0102d7bde1d59b991aa)] -> xpath: //select[@id='distance']]
2023-07-25 15:07:215 INFO  HomePage :63 - click on search option[[ChromeDriver: chrome on windows (55f74bbeec26e0102d7bde1d59b991aa)] -> xpath: //button[@id='toggle-hp-search']]
2023-07-25 15:07:584 INFO  HomePage :69 - enter minimum salary[[ChromeDriver: chrome on windows (55f74bbeec26e0102d7bde1d59b991aa)] -> xpath: //input[@id='salarymin']]
2023-07-25 15:07:690 INFO  HomePage :75 - enter maximum salary[[ChromeDriver: chrome on windows (55f74bbeec26e0102d7bde1d59b991aa)] -> xpath: //input[@id='salarymax']]
2023-07-25 15:07:908 INFO  HomePage :81 - select salary type[[ChromeDriver: chrome on windows (55f74bbeec26e0102d7bde1d59b991aa)] -> xpath: //select[@id='salarytype']]
2023-07-25 15:07:15 INFO  HomePage :87 - select job type[[ChromeDriver: chrome on windows (55f74bbeec26e0102d7bde1d59b991aa)] -> xpath: //select[@id='tempperm']]
2023-07-25 15:07:159 INFO  HomePage :93 - click on find job button[[ChromeDriver: chrome on windows (55f74bbeec26e0102d7bde1d59b991aa)] -> xpath: //input[@id='hp-search-btn']]
2023-07-25 15:07:319 INFO  ResultPage :23 - Getting result Temporary Data Analyst jobs
2023-07-25 15:07:942 INFO  HomePage :45 - enter the job title[[ChromeDriver: chrome on windows (c5c794d7ce77e0e6caaf330d09cc7104)] -> xpath: //input[@id='keywords']]
2023-07-25 15:07:164 INFO  HomePage :51 - enter location[[ChromeDriver: chrome on windows (c5c794d7ce77e0e6caaf330d09cc7104)] -> xpath: //input[@id='location']]
2023-07-25 15:07:468 INFO  HomePage :57 - select distance[[ChromeDriver: chrome on windows (c5c794d7ce77e0e6caaf330d09cc7104)] -> xpath: //select[@id='distance']]
2023-07-25 15:07:709 INFO  HomePage :63 - click on search option[[ChromeDriver: chrome on windows (c5c794d7ce77e0e6caaf330d09cc7104)] -> xpath: //button[@id='toggle-hp-search']]
2023-07-25 15:07:129 INFO  HomePage :69 - enter minimum salary[[ChromeDriver: chrome on windows (c5c794d7ce77e0e6caaf330d09cc7104)] -> xpath: //input[@id='salarymin']]
2023-07-25 15:07:218 INFO  HomePage :75 - enter maximum salary[[ChromeDriver: chrome on windows (c5c794d7ce77e0e6caaf330d09cc7104)] -> xpath: //input[@id='salarymax']]
2023-07-25 15:07:319 INFO  HomePage :81 - select salary type[[ChromeDriver: chrome on windows (c5c794d7ce77e0e6caaf330d09cc7104)] -> xpath: //select[@id='salarytype']]
2023-07-25 15:07:438 INFO  HomePage :87 - select job type[[ChromeDriver: chrome on windows (c5c794d7ce77e0e6caaf330d09cc7104)] -> xpath: //select[@id='tempperm']]
2023-07-25 15:07:602 INFO  HomePage :93 - click on find job button[[ChromeDriver: chrome on windows (c5c794d7ce77e0e6caaf330d09cc7104)] -> xpath: //input[@id='hp-search-btn']]
2023-07-25 15:07:823 INFO  ResultPage :23 - Getting result Apprenticeship Qa Tester jobs
